#
# There is insufficient memory for the Java Runtime Environment to continue.
# Native memory allocation (mmap) failed to map 268435456 bytes for Failed to commit area from 0x0000000701600000 to 0x0000000711600000 of length 268435456.
# Possible reasons:
#   The system is out of physical RAM or swap space
#   The process is running with CompressedOops enabled, and the Java Heap may be blocking the growth of the native heap
# Possible solutions:
#   Reduce memory load on the system
#   Increase physical memory or swap space
#   Check if swap backing store is full
#   Decrease Java heap size (-Xmx/-Xms)
#   Decrease number of Java threads
#   Decrease Java thread stack sizes (-Xss)
#   Set larger code cache with -XX:ReservedCodeCacheSize=
# This output file may be truncated or incomplete.
#
#  Out of Memory Error (./src/hotspot/os/windows/os_windows.cpp:3301), pid=6984, tid=13248
#
# JRE version:  (11.0.10+9) (build )
# Java VM: Dynamic Code Evolution 64-Bit Server VM (11.0.10+9-b1341.41, mixed mode, sharing, tiered, compressed oops, g1 gc, windows-amd64)
# No core dump will be written. Minidumps are not enabled by default on client versions of Windows
#

---------------  S U M M A R Y ------------

Command Line: org.jetbrains.git4idea.http.GitAskPassApp Username for 'https://github.com': 

Host: Intel(R) Core(TM) i7-4700MQ CPU @ 2.40GHz, 8 cores, 15G,  Windows 10 , 64 bit Build 17763 (10.0.17763.475)
Time: Wed Jun  2 09:58:15 2021 Turkey Standard Time elapsed time: 0.152191 seconds (0d 0h 0m 0s)

---------------  T H R E A D  ---------------

Current thread (0x000001ca8373a000):  JavaThread "Unknown thread" [_thread_in_vm, id=13248, stack(0x0000008b01400000,0x0000008b01500000)]

Stack: [0x0000008b01400000,0x0000008b01500000]
Native frames: (J=compiled Java code, j=interpreted, Vv=VM code, C=native code)
V  [jvm.dll+0x5f84fa]
V  [jvm.dll+0x77e085]
V  [jvm.dll+0x77f5dd]
V  [jvm.dll+0x77fc93]
V  [jvm.dll+0x2457e8]
V  [jvm.dll+0x5f58f4]
V  [jvm.dll+0x5ea975]
V  [jvm.dll+0x30228b]
V  [jvm.dll+0x3021fa]
V  [jvm.dll+0x3020d2]
V  [jvm.dll+0x306fb6]
V  [jvm.dll+0x34f843]
V  [jvm.dll+0x34ff46]
V  [jvm.dll+0x34f943]
V  [jvm.dll+0x2dbcb8]
V  [jvm.dll+0x2dce57]
V  [jvm.dll+0x75c4d7]
V  [jvm.dll+0x75dd6c]
V  [jvm.dll+0x35cdb9]
V  [jvm.dll+0x73fc9e]
V  [jvm.dll+0x3c5663]
V  [jvm.dll+0x3c7a21]
C  [jli.dll+0x5373]
C  [ucrtbase.dll+0x2268a]
C  [KERNEL32.DLL+0x17974]
C  [ntdll.dll+0x5a0b1]


---------------  P R O C E S S  ---------------

Threads class SMR info:
_java_thread_list=0x000001ca8366f0f0, length=0, elements={
}

Java Threads: ( => current thread )

Other Threads:
  0x000001ca8500d800 GCTaskThread "GC Thread#0" [stack: 0x0000008b01500000,0x0000008b01600000] [id=22140]
  0x000001ca8506a000 ConcurrentGCThread "G1 Main Marker" [stack: 0x0000008b01600000,0x0000008b01700000] [id=2712]
  0x000001ca8506b000 ConcurrentGCThread "G1 Conc#0" [stack: 0x0000008b01700000,0x0000008b01800000] [id=17444]

[error occurred during error reporting (printing all threads), id 0xc0000005, EXCEPTION_ACCESS_VIOLATION (0xc0000005) at pc=0x00007ff8701ac437]

VM state:not at safepoint (not fully initialized)

VM Mutex/Monitor currently owned by a thread:  ([mutex/lock_event])
[0x000001ca84ff2f20] Heap_lock - owner thread: 0x000001ca8373a000

Heap address: 0x0000000701600000, size: 4074 MB, Compressed Oops mode: Non-zero based: 0x0000000701600000
Narrow klass base: 0x0000000000000000, Narrow klass shift: 0

GC Heap History (0 events):
No events

Deoptimization events (0 events):
No events

Classes redefined (0 events):
No events

Internal exceptions (0 events):
No events

Events (1 events):
Event: 0.069 Loaded shared library C:\Program Files\JetBrains\PhpStorm 2021.1.2\jbr\bin\zip.dll


Dynamic libraries:
0x00007ff745de0000 - 0x00007ff745dea000 	C:\Program Files\JetBrains\PhpStorm 2021.1.2\jbr\bin\java.exe
0x00007ff8c2910000 - 0x00007ff8c2afd000 	C:\Windows\SYSTEM32\ntdll.dll
0x00007ff8c1db0000 - 0x00007ff8c1e63000 	C:\Windows\System32\KERNEL32.DLL
0x00007ff8bf180000 - 0x00007ff8bf415000 	C:\Windows\System32\KERNELBASE.dll
0x00007ff8bf420000 - 0x00007ff8bf51a000 	C:\Windows\System32\ucrtbase.dll
0x00007ff8b8e10000 - 0x00007ff8b8e29000 	C:\Program Files\JetBrains\PhpStorm 2021.1.2\jbr\bin\jli.dll
0x00007ff8b8d80000 - 0x00007ff8b8d97000 	C:\Program Files\JetBrains\PhpStorm 2021.1.2\jbr\bin\VCRUNTIME140.dll
0x00007ff8c1c10000 - 0x00007ff8c1da7000 	C:\Windows\System32\USER32.dll
0x00007ff8bf910000 - 0x00007ff8bf930000 	C:\Windows\System32\win32u.dll
0x00007ff8a6a30000 - 0x00007ff8a6ca9000 	C:\Windows\WinSxS\amd64_microsoft.windows.common-controls_6595b64144ccf1df_6.0.17763.1577_none_de7444545348a3d0\COMCTL32.dll
0x00007ff8c1800000 - 0x00007ff8c1829000 	C:\Windows\System32\GDI32.dll
0x00007ff8c2670000 - 0x00007ff8c270e000 	C:\Windows\System32\msvcrt.dll
0x00007ff8bf550000 - 0x00007ff8bf6ec000 	C:\Windows\System32\gdi32full.dll
0x00007ff8c1260000 - 0x00007ff8c158d000 	C:\Windows\System32\combase.dll
0x00007ff8bf7a0000 - 0x00007ff8bf840000 	C:\Windows\System32\msvcp_win.dll
0x00007ff8c18e0000 - 0x00007ff8c1a02000 	C:\Windows\System32\RPCRT4.dll
0x00007ff8bf890000 - 0x00007ff8bf90e000 	C:\Windows\System32\bcryptPrimitives.dll
0x00007ff8c2710000 - 0x00007ff8c273e000 	C:\Windows\System32\IMM32.DLL
0x00007ff8a1730000 - 0x00007ff8a17d4000 	C:\Program Files\McAfee\Endpoint Security\Threat Prevention\Ips\EpMPApi.dll
0x00007ff8c15f0000 - 0x00007ff8c1693000 	C:\Windows\System32\ADVAPI32.dll
0x00007ff8c27c0000 - 0x00007ff8c285e000 	C:\Windows\System32\sechost.dll
0x00007ff8bf120000 - 0x00007ff8bf179000 	C:\Windows\System32\WINTRUST.dll
0x00007ff8be970000 - 0x00007ff8be982000 	C:\Windows\System32\MSASN1.dll
0x00007ff8bf950000 - 0x00007ff8bfb2c000 	C:\Windows\System32\CRYPT32.dll
0x0000000073220000 - 0x000000007322c000 	C:\Program Files\McAfee\Endpoint Security\Threat Prevention\Ips\EpMPThe.dll
0x00007ff89bc50000 - 0x00007ff89bca9000 	C:\Program Files\McAfee\Endpoint Security\Threat Prevention\Ips\HIPHandlers64.dll
0x00007ff8c2860000 - 0x00007ff8c28b2000 	C:\Windows\System32\SHLWAPI.dll
0x00007ff8ab570000 - 0x00007ff8ab75d000 	C:\Windows\SYSTEM32\dbghelp.dll
0x00007ff8b53e0000 - 0x00007ff8b547d000 	C:\Program Files\JetBrains\PhpStorm 2021.1.2\jbr\bin\msvcp140.dll
0x00007ff86fec0000 - 0x00007ff870a0f000 	C:\Program Files\JetBrains\PhpStorm 2021.1.2\jbr\bin\server\jvm.dll
0x00007ff8c1720000 - 0x00007ff8c1728000 	C:\Windows\System32\PSAPI.DLL
0x00007ff8a9f80000 - 0x00007ff8a9f89000 	C:\Windows\SYSTEM32\WSOCK32.dll
0x00007ff8b1960000 - 0x00007ff8b196a000 	C:\Windows\SYSTEM32\VERSION.dll
0x00007ff8c1790000 - 0x00007ff8c17fd000 	C:\Windows\System32\WS2_32.dll
0x00007ff8bac30000 - 0x00007ff8bac54000 	C:\Windows\SYSTEM32\WINMM.dll
0x00007ff8ba9c0000 - 0x00007ff8ba9ed000 	C:\Windows\SYSTEM32\winmmbase.dll
0x00007ff8bf840000 - 0x00007ff8bf88a000 	C:\Windows\System32\cfgmgr32.dll
0x00007ff8be8f0000 - 0x00007ff8be901000 	C:\Windows\System32\kernel.appcore.dll
0x00007ff8b6fb0000 - 0x00007ff8b6fc1000 	C:\Program Files\JetBrains\PhpStorm 2021.1.2\jbr\bin\verify.dll
0x00007ff8aa3b0000 - 0x00007ff8aa3da000 	C:\Windows\SYSTEM32\dbgcore.DLL
0x00007ff8b6df0000 - 0x00007ff8b6e19000 	C:\Program Files\JetBrains\PhpStorm 2021.1.2\jbr\bin\java.dll
0x00007ff8bc500000 - 0x00007ff8bc50b000 	C:\Program Files\JetBrains\PhpStorm 2021.1.2\jbr\bin\jimage.dll
0x00007ff8b6f90000 - 0x00007ff8b6fa8000 	C:\Program Files\JetBrains\PhpStorm 2021.1.2\jbr\bin\zip.dll

dbghelp: loaded successfully - version: 4.0.5 - missing functions: none
symbol engine: initialized successfully - sym options: 0x614 - pdb path: .;C:\Program Files\JetBrains\PhpStorm 2021.1.2\jbr\bin;C:\Windows\SYSTEM32;C:\Windows\WinSxS\amd64_microsoft.windows.common-controls_6595b64144ccf1df_6.0.17763.1577_none_de7444545348a3d0;C:\Program Files\McAfee\Endpoint Security\Threat Prevention\Ips;C:\Program Files\JetBrains\PhpStorm 2021.1.2\jbr\bin\server

VM Arguments:
java_command: org.jetbrains.git4idea.http.GitAskPassApp Username for 'https://github.com': 
java_class_path (initial): C:/Program Files/JetBrains/PhpStorm 2021.1.2/plugins/git4idea/lib/git4idea-rt.jar;C:/Program Files/JetBrains/PhpStorm 2021.1.2/lib/xmlrpc-2.0.1.jar;C:/Program Files/JetBrains/PhpStorm 2021.1.2/lib/commons-codec-1.15.jar
Launcher Type: SUN_STANDARD

[Global flags]
     intx CICompilerCount                          = 4                                         {product} {ergonomic}
     uint ConcGCThreads                            = 2                                         {product} {ergonomic}
     uint G1ConcRefinementThreads                  = 8                                         {product} {ergonomic}
   size_t G1HeapRegionSize                         = 1048576                                   {product} {ergonomic}
    uintx GCDrainStackTargetSize                   = 64                                        {product} {ergonomic}
   size_t InitialHeapSize                          = 268435456                                 {product} {ergonomic}
   size_t MarkStackSize                            = 4194304                                   {product} {ergonomic}
   size_t MaxHeapSize                              = 4271898624                                {product} {ergonomic}
   size_t MinHeapDeltaBytes                        = 1048576                                   {product} {ergonomic}
    uintx NonNMethodCodeHeapSize                   = 5836300                                {pd product} {ergonomic}
    uintx NonProfiledCodeHeapSize                  = 122910970                              {pd product} {ergonomic}
    uintx ProfiledCodeHeapSize                     = 122910970                              {pd product} {ergonomic}
    uintx ReservedCodeCacheSize                    = 251658240                              {pd product} {ergonomic}
     bool SegmentedCodeCache                       = true                                      {product} {ergonomic}
     bool UseCompressedClassPointers               = true                                 {lp64_product} {ergonomic}
     bool UseCompressedOops                        = true                                 {lp64_product} {ergonomic}
     bool UseG1GC                                  = true                                      {product} {ergonomic}
     bool UseLargePagesIndividualAllocation        = false                                  {pd product} {ergonomic}

Logging:
Log output configuration:
 #0: stdout all=warning uptime,level,tags
 #1: stderr all=off uptime,level,tags

Environment Variables:
JAVA_HOME=C:\Program Files\Java\jdk1.8.0_212
PATH=C:\Program Files\Git\mingw64\libexec\git-core;C:\Program Files\Git\mingw64\libexec\git-core;C:\Program Files\Git\mingw64\bin;C:\Program Files\Git\usr\bin;Z:\bin;C:\ProgramData\Oracle\Java\javapath;C:\app\GMBIM54\product\11.2.0\client_1\bin;C:\app\GMBIM54\product\11.2.0\client_1;C:\OraHome_1\bin;C:\OraHome_1\jre\1.4.2\bin\client;C:\OraHome_1\jre\1.4.2\bin;C:\DevSuiteHome_1\jdk\jre\bin\classic;C:\DevSuiteHome_1\jdk\jre\bin;C:\DevSuiteHome_1\jdk\jre\bin\client;C:\DevSuiteHome_1\jlib;C:\DevSuiteHome_1\bin;C:\DevSuiteHome_1\jre\1.4.2\bin\client;C:\DevSuiteHome_1\jre\1.4.2\bin;C:\Program Files (x86)\Common Files\Oracle\Java\javapath;C:\Windows\system32;C:\Windows;C:\Windows\System32\Wbem;C:\Windows\System32\WindowsPowerShell\v1.0;C:\Windows\System32\OpenSSH;C:\Program Files\TortoiseSVN\bin;C:\Program Files\PuTTY;C:\Program Files\Git\cmd;C:\Program Files\Docker\Docker\resources\bin;C:\ProgramData\DockerDesktop\version-bin;C:\Development\workspace\KOPSProject\KOPSUtility\EDS\library;C:\Program Files\nodejs;C:\Program Files\MySQL\MySQL Shell 8.0\bin;C:\Program Files\Java\jdk1.8.0_212\bin;C:\Users\GMBIM54\AppData\Roaming\npm
USERNAME=GMBIM54
DISPLAY=:0.0
LC_ALL=en_US.UTF-8
OS=Windows_NT
PROCESSOR_IDENTIFIER=Intel64 Family 6 Model 60 Stepping 3, GenuineIntel



---------------  S Y S T E M  ---------------

OS: Windows 10 , 64 bit Build 17763 (10.0.17763.475)
OS uptime: 11 days 0:24 hours

CPU:total 8 (initial active 8) (4 cores per cpu, 2 threads per core) family 6 model 60 stepping 3 microcode 0x27, cmov, cx8, fxsr, mmx, sse, sse2, sse3, ssse3, sse4.1, sse4.2, popcnt, avx, avx2, aes, clmul, erms, lzcnt, ht, tsc, tscinvbit, bmi1, bmi2, fma

Memory: 4k page, system-wide physical 16295M (4314M free)
TotalPageFile size 18343M (AvailPageFile size 104M)
current process WorkingSet (physical memory assigned to process): 11M, peak: 11M
current process commit charge ("private bytes"): 61M, peak: 317M

vm_info: Dynamic Code Evolution 64-Bit Server VM (11.0.10+9-b1341.41) for windows-amd64 JRE (11.0.10+9-b1341.41), built on Apr 17 2021 07:18:15 by "" with MS VC++ 14.0 (VS2015)

END.
